\BOOKMARK [1][-]{section.1}{\376\377\000I\000N\000T\000R\000O\000D\000U\000C\000T\000I\000O\000N}{}% 1
\BOOKMARK [1][-]{section.2}{\376\377\000S\000O\000L\000U\000T\000I\000O\000N\000S}{}% 2
\BOOKMARK [2][-]{subsection.2.1}{\376\377\000C\000o\000r\000e\000\040\000T\000e\000c\000h\000n\000o\000l\000o\000g\000i\000e\000s}{section.2}% 3
\BOOKMARK [2][-]{subsection.2.2}{\376\377\000A\000r\000c\000h\000i\000t\000e\000c\000t\000u\000r\000e\000\040\000P\000a\000t\000t\000e\000r\000n}{section.2}% 4
\BOOKMARK [2][-]{subsection.2.3}{\376\377\000D\000e\000s\000i\000g\000n\000\040\000S\000y\000s\000t\000e\000m}{section.2}% 5
\BOOKMARK [1][-]{section.3}{\376\377\000D\000E\000T\000A\000I\000L\000S}{}% 6
\BOOKMARK [2][-]{subsection.3.1}{\376\377\000P\000r\000o\000j\000e\000c\000t\000\040\000S\000t\000r\000u\000c\000t\000u\000r\000e}{section.3}% 7
\BOOKMARK [2][-]{subsection.3.2}{\376\377\000D\000a\000t\000a\000\040\000M\000o\000d\000e\000l\000s}{section.3}% 8
\BOOKMARK [2][-]{subsection.3.3}{\376\377\000U\000s\000e\000r\000\040\000I\000n\000t\000e\000r\000f\000a\000c\000e\000\040\000D\000e\000t\000a\000i\000l\000s}{section.3}% 9
\BOOKMARK [3][-]{subsubsection.3.3.1}{\376\377\000O\000n\000b\000o\000a\000r\000d\000i\000n\000g\000\040\000S\000c\000r\000e\000e\000n}{subsection.3.3}% 10
\BOOKMARK [3][-]{subsubsection.3.3.2}{\376\377\000H\000o\000m\000e\000\040\000S\000c\000r\000e\000e\000n}{subsection.3.3}% 11
\BOOKMARK [3][-]{subsubsection.3.3.3}{\376\377\000D\000e\000t\000a\000i\000l\000\040\000S\000c\000r\000e\000e\000n}{subsection.3.3}% 12
\BOOKMARK [3][-]{subsubsection.3.3.4}{\376\377\000F\000a\000v\000o\000r\000i\000t\000e\000s\000\040\000S\000c\000r\000e\000e\000n}{subsection.3.3}% 13
\BOOKMARK [3][-]{subsubsection.3.3.5}{\376\377\000S\000e\000t\000t\000i\000n\000g\000s\000\040\000S\000c\000r\000e\000e\000n}{subsection.3.3}% 14
\BOOKMARK [2][-]{subsection.3.4}{\376\377\000U\000s\000e\000r\000\040\000O\000p\000e\000r\000a\000t\000i\000o\000n\000\040\000D\000e\000t\000a\000i\000l\000s}{section.3}% 15
\BOOKMARK [2][-]{subsection.3.5}{\376\377\000D\000a\000t\000a\000\040\000R\000e\000p\000o\000s\000i\000t\000o\000r\000y\000\040\000D\000e\000t\000a\000i\000l\000s}{section.3}% 16
\BOOKMARK [2][-]{subsection.3.6}{\376\377\000L\000o\000c\000a\000l\000\040\000S\000t\000o\000r\000a\000g\000e\000\040\000D\000e\000t\000a\000i\000l\000s}{section.3}% 17
\BOOKMARK [2][-]{subsection.3.7}{\376\377\000L\000o\000c\000a\000l\000i\000z\000a\000t\000i\000o\000n\000\040\000D\000e\000t\000a\000i\000l\000s}{section.3}% 18
\BOOKMARK [2][-]{subsection.3.8}{\376\377\000A\000n\000i\000m\000a\000t\000i\000o\000n\000\040\000D\000e\000t\000a\000i\000l\000s}{section.3}% 19
\BOOKMARK [1][-]{section.4}{\376\377\000S\000C\000R\000E\000E\000N\000S\000H\000O\000T\000S}{}% 20
\BOOKMARK [1][-]{section.5}{\376\377\000C\000O\000D\000E\000\040\000I\000M\000P\000L\000E\000M\000E\000N\000T\000A\000T\000I\000O\000N}{}% 21
\BOOKMARK [2][-]{subsection.5.1}{\376\377\000T\000h\000e\000m\000e\000\040\000C\000o\000n\000f\000i\000g\000u\000r\000a\000t\000i\000o\000n}{section.5}% 22
\BOOKMARK [2][-]{subsection.5.2}{\376\377\000N\000a\000v\000i\000g\000a\000t\000i\000o\000n\000\040\000S\000e\000t\000u\000p}{section.5}% 23
\BOOKMARK [2][-]{subsection.5.3}{\376\377\000K\000e\000y\000\040\000C\000o\000m\000p\000o\000n\000e\000n\000t\000s}{section.5}% 24
\BOOKMARK [2][-]{subsection.5.4}{\376\377\000V\000i\000e\000w\000M\000o\000d\000e\000l\000\040\000E\000x\000a\000m\000p\000l\000e}{section.5}% 25
\BOOKMARK [1][-]{section.6}{\376\377\000T\000E\000S\000T\000I\000N\000G\000\040\000\046\000\040\000Q\000U\000A\000L\000I\000T\000Y\000\040\000A\000S\000S\000U\000R\000A\000N\000C\000E}{}% 26
\BOOKMARK [2][-]{subsection.6.1}{\376\377\000T\000e\000s\000t\000i\000n\000g\000\040\000P\000e\000r\000f\000o\000r\000m\000e\000d}{section.6}% 27
\BOOKMARK [2][-]{subsection.6.2}{\376\377\000P\000e\000r\000f\000o\000r\000m\000a\000n\000c\000e\000\040\000O\000p\000t\000i\000m\000i\000z\000a\000t\000i\000o\000n\000s}{section.6}% 28
\BOOKMARK [1][-]{section.7}{\376\377\000C\000O\000N\000C\000L\000U\000S\000I\000O\000N\000S}{}% 29
